<?xml version="1.0" encoding="UTF-8"?>
<!-- Generated by org.testng.reporters.JUnitReportReporter -->
<testsuite hostname="DESKTOP-FGD8V61" failures="0" tests="1" name="TestRunner.runnerTest" time="3.485" errors="0" timestamp="2025-06-15T23:37:21 IST" skipped="0">
  <testcase classname="TestRunner.runnerTest" name="runScenario" time="3.485"/>
  <system-out/>
</testsuite> <!-- TestRunner.runnerTest -->
